
T0AF8 870:946 SEGGER J-Link V6.10 Log File (0001ms, 0329ms total)
T0AF8 870:946 DLL Compiled: Sep 14 2016 16:45:07 (0001ms, 0329ms total)
T0AF8 870:946 Logging started @ 2017-08-09 15:47 (0001ms, 0329ms total)
T2348 871:706 JLINK_EMU_GetList(InterfaceMask = 0x00000001, MaxInfos = 0x00000032) [0]: USB, S/N: 28014956  returns 0x01 (0001ms, 0330ms total)
T0AF8 872:179 JLINK_ExecCommand("Device = AT91SAM3X8E", ...). Device "ATSAM3X8E" selected.  returns 0x00 (0027ms, 0357ms total)
T2348 873:011 JLINK_EMU_GetList(InterfaceMask = 0x00000001, MaxInfos = 0x00000032) [0]: USB, S/N: 28014956  returns 0x01 (0000ms, 0357ms total)
T2348 874:318 JLINK_EMU_GetList(InterfaceMask = 0x00000001, MaxInfos = 0x00000032) [0]: USB, S/N: 28014956  returns 0x01 (0001ms, 0358ms total)
T2348 875:628 JLINK_EMU_GetList(InterfaceMask = 0x00000001, MaxInfos = 0x00000032) [0]: USB, S/N: 28014956  returns 0x01 (0001ms, 0359ms total)
T0AF8 875:936 JLINK_ExecCommand("ProjectFile = D:\code folder\4july2017\Renalyx_DM1\CPU2\jlink.config", ...).   returns 0x00 (0001ms, 0360ms total)
T0AF8 876:834 JLINK_ExecCommand("Device = AT91SAM3X8E", ...). Device "ATSAM3X8E" selected.  returns 0x00 (0001ms, 0361ms total)
T0AF8 876:835 JLINK_TIF_Select(JLINKARM_TIF_JTAG)  returns 0x00 (0006ms, 0367ms total)
T0AF8 876:841 JLINK_GetIdData(...) >0x2F8 JTAG>TotalIRLen = 4, IRPrint = 0x01 >0x30 JTAG> >0x410 JTAG> >0x70 JTAG> >0x48 JTAG> >0x40 JTAG> >0x48 JTAG>AP-IDR: 0x24770011, Type: AHB-AP >0x78 JTAG> >0x40 JTAG> >0x30 JTAG> >0x40 JTAG> >0x40 JTAG> >0x30 JTAG> >0x40 JTAG> >0x48 JTAG>Found Cortex-M3 r2p0, Little endian. -- CPU_ReadMem(4 bytes @ 0xE000EDF0) -- CPU_WriteMem(4 bytes @ 0xE000EDF0) -- CPU_ReadMem(4 bytes @ 0xE0002000)FPUnit: 6 code (BP) slots and 2 literal slots -- CPU_ReadMem(4 bytes @ 0xE000EDFC)
 -- CPU_WriteMem(4 bytes @ 0xE000EDFC) -- CPU_ReadMem(4 bytes @ 0xE0001000) -- CPU_WriteMem(4 bytes @ 0xE0001000) -- CPU_ReadMem(4 bytes @ 0xE000ED88) -- CPU_WriteMem(4 bytes @ 0xE000ED88) -- CPU_ReadMem(4 bytes @ 0xE000ED88) -- CPU_WriteMem(4 bytes @ 0xE000ED88)CoreSight components:ROMTbl 0 @ E00FF000 -- CPU_ReadMem(16 bytes @ 0xE00FF000) -- CPU_ReadMem(16 bytes @ 0xE000EFF0) -- CPU_ReadMem(16 bytes @ 0xE000EFE0)ROMTbl 0 [0]: FFF0F000, CID: B105E00D, PID: 002BB000 SCS
 -- CPU_ReadMem(16 bytes @ 0xE0001FF0) -- CPU_ReadMem(16 bytes @ 0xE0001FE0)ROMTbl 0 [1]: FFF02000, CID: B105E00D, PID: 002BB002 DWT -- CPU_ReadMem(16 bytes @ 0xE0002FF0) -- CPU_ReadMem(16 bytes @ 0xE0002FE0)ROMTbl 0 [2]: FFF03000, CID: B105E00D, PID: 002BB003 FPB -- CPU_ReadMem(16 bytes @ 0xE0000FF0) -- CPU_ReadMem(16 bytes @ 0xE0000FE0)ROMTbl 0 [3]: FFF01000, CID: B105E00D, PID: 002BB001 ITM -- CPU_ReadMem(16 bytes @ 0xE00FF010) -- CPU_ReadMem(16 bytes @ 0xE0040FF0)
 -- CPU_ReadMem(16 bytes @ 0xE0040FE0)ROMTbl 0 [4]: FFF41000, CID: B105900D, PID: 002BB923 TPIU-Lite ScanLen=4 NumDevices=1 aId[0]=0x4BA00477 aIrRead[0]=0 aScanLen[0]=0 aScanRead[0]=0 (0085ms, 0452ms total)
T0AF8 876:926 JLINK_ConfigJTAG(IRPre = 0, DRPre = 0) (0000ms, 0452ms total)
T0AF8 876:927 JLINK_SetSpeed(4000) (0008ms, 0460ms total)
T2348 876:935 JLINK_EMU_GetList(InterfaceMask = 0x00000001, MaxInfos = 0x00000032) [0]: USB, S/N: 28014956  returns 0x01 (0001ms, 0461ms total)
T0AF8 876:936 JLINK_ResetPullsRESET(OFF) (0000ms, 0461ms total)
T0AF8 876:936 JLINK_Connect() >0x2F8 JTAG>TotalIRLen = 4, IRPrint = 0x01 >0x30 JTAG> >0x410 JTAG> >0x70 JTAG> >0x48 JTAG> >0x40 JTAG> >0x48 JTAG>AP-IDR: 0x24770011, Type: AHB-AP >0x78 JTAG> >0x40 JTAG> >0x30 JTAG> >0x40 JTAG> >0x40 JTAG> >0x30 JTAG> >0x40 JTAG> >0x48 JTAG>Found Cortex-M3 r2p0, Little endian. -- CPU_ReadMem(4 bytes @ 0xE000EDF0) -- CPU_ReadMem(4 bytes @ 0xE0002000)FPUnit: 6 code (BP) slots and 2 literal slots -- CPU_ReadMem(4 bytes @ 0xE000EDFC) -- CPU_ReadMem(4 bytes @ 0xE0001000)
 -- CPU_WriteMem(4 bytes @ 0xE0001000) -- CPU_ReadMem(4 bytes @ 0xE000ED88) -- CPU_WriteMem(4 bytes @ 0xE000ED88) -- CPU_ReadMem(4 bytes @ 0xE000ED88) -- CPU_WriteMem(4 bytes @ 0xE000ED88)CoreSight components:ROMTbl 0 @ E00FF000 -- CPU_ReadMem(16 bytes @ 0xE00FF000) -- CPU_ReadMem(16 bytes @ 0xE000EFF0) -- CPU_ReadMem(16 bytes @ 0xE000EFE0)ROMTbl 0 [0]: FFF0F000, CID: B105E00D, PID: 002BB000 SCS -- CPU_ReadMem(16 bytes @ 0xE0001FF0) -- CPU_ReadMem(16 bytes @ 0xE0001FE0)
ROMTbl 0 [1]: FFF02000, CID: B105E00D, PID: 002BB002 DWT -- CPU_ReadMem(16 bytes @ 0xE0002FF0) -- CPU_ReadMem(16 bytes @ 0xE0002FE0)ROMTbl 0 [2]: FFF03000, CID: B105E00D, PID: 002BB003 FPB -- CPU_ReadMem(16 bytes @ 0xE0000FF0) -- CPU_ReadMem(16 bytes @ 0xE0000FE0)ROMTbl 0 [3]: FFF01000, CID: B105E00D, PID: 002BB001 ITM -- CPU_ReadMem(16 bytes @ 0xE00FF010) -- CPU_ReadMem(16 bytes @ 0xE0040FF0) -- CPU_ReadMem(16 bytes @ 0xE0040FE0)ROMTbl 0 [4]: FFF41000, CID: B105900D, PID: 002BB923 TPIU-Lite
  returns 0x00 (0022ms, 0483ms total)
T0AF8 876:958 JLINK_Halt()  returns 0x00 (0004ms, 0487ms total)
T0AF8 877:068 JLINK_WriteMem(0x400E0A04, 0x0004 Bytes, ...) - Data: 0B 01 00 5A -- CPU_WriteMem(4 bytes @ 0x400E0A04)  returns 0x04 (0028ms, 0515ms total)
T0AF8 877:097 JLINK_ReadMem (0x400E0A08, 0x0004 Bytes, ...) -- CPU_ReadMem(4 bytes @ 0x400E0A08) - Data: 01 00 00 00  returns 0x00 (0000ms, 0515ms total)
T0AF8 877:097 JLINK_WriteMem(0x400E0A04, 0x0004 Bytes, ...) - Data: 0C 02 00 5A -- CPU_WriteMem(4 bytes @ 0x400E0A04)  returns 0x04 (0001ms, 0516ms total)
T0AF8 877:098 JLINK_ReadMem (0x400E0A08, 0x0004 Bytes, ...) -- CPU_ReadMem(4 bytes @ 0x400E0A08) - Data: 01 00 00 00  returns 0x00 (0001ms, 0517ms total)
T0AF8 877:099 JLINK_Reset() -- CPU_ReadMem(16 bytes @ 0x20000000) -- CPU_WriteMem(16 bytes @ 0x20000000) -- CPU_ReadMem(4 bytes @ 0xE000EDFC) -- CPU_WriteMem(4 bytes @ 0xE000EDFC) -- CPU_ReadMem(4 bytes @ 0xE0001000)AT91SAM3 / AT91SAM4 reset: Core did not halt after reset. Halting core... -- CPU_WriteMem(4 bytes @ 0xE000ED0C) -- CPU_ReadMem(4 bytes @ 0xE000EDF0) -- CPU_ReadMem(4 bytes @ 0xE000EDF0) -- CPU_WriteMem(4 bytes @ 0xE000EDFC) -- CPU_WriteMem(16 bytes @ 0x20000000)
 -- CPU_WriteMem(4 bytes @ 0xE0002000) -- CPU_ReadMem(4 bytes @ 0xE000EDFC) -- CPU_ReadMem(4 bytes @ 0xE0001000) (0254ms, 0771ms total)
T0AF8 877:405 JLINK_JTAG_GetDeviceID(DeviceIndex = 0)  returns 0x4BA00477 (0000ms, 0771ms total)
T0AF8 877:405 JLINK_ReadMemU32(0x400E0940, 0x0001 Items, ...) -- CPU_ReadMem(4 bytes @ 0x400E0940) - Data: 60 0A 5E 28  returns 0x01 (0001ms, 0772ms total)
T0AF8 877:406 JLINK_ReadMemU32(0x400E0944, 0x0001 Items, ...) -- CPU_ReadMem(4 bytes @ 0x400E0944) - Data: 00 00 00 00  returns 0x01 (0001ms, 0773ms total)
T0AF8 877:407 JLINK_WriteMem(0x400E0A04, 0x0004 Bytes, ...) - Data: 05 00 00 5A -- CPU_WriteMem(4 bytes @ 0x400E0A04)  returns 0x04 (0001ms, 0774ms total)
T0AF8 877:408 JLINK_WriteMem(0x400E0C04, 0x0004 Bytes, ...) - Data: 05 00 00 5A -- CPU_WriteMem(4 bytes @ 0x400E0C04)  returns 0x04 (0000ms, 0774ms total)
T0AF8 877:408 JLINK_ReadMem (0x400E0A08, 0x0004 Bytes, ...) -- CPU_ReadMem(4 bytes @ 0x400E0A08) - Data: 00 00 00 00  returns 0x00 (0001ms, 0775ms total)
T0AF8 877:410 JLINK_ReadMem (0x400E0A08, 0x0004 Bytes, ...) -- CPU_ReadMem(4 bytes @ 0x400E0A08) - Data: 00 00 00 00  returns 0x00 (0000ms, 0775ms total)
T0AF8 877:415 JLINK_ReadMem (0x400E0A08, 0x0004 Bytes, ...) -- CPU_ReadMem(4 bytes @ 0x400E0A08) - Data: 00 00 00 00  returns 0x00 (0000ms, 0775ms total)
T0CE0 877:428 JLINK_IsHalted()  returns TRUE (0000ms, 0775ms total)
T0CE0 877:428 JLINK_GetMOEs(...) -- CPU_ReadMem(4 bytes @ 0xE000ED30)  returns 0x01 (0001ms, 0776ms total)
T0CE0 877:429 JLINK_ReadReg(R15 (PC))  returns 0x00083F10 (0000ms, 0776ms total)
T0AF8 877:432 JLINK_ReadMem (0x400E0A08, 0x0004 Bytes, ...) -- CPU_ReadMem(4 bytes @ 0x400E0A08) - Data: 01 00 00 00  returns 0x00 (0000ms, 0776ms total)
T0AF8 877:432 JLINK_ReadMem (0x400E0C08, 0x0004 Bytes, ...) -- CPU_ReadMem(4 bytes @ 0x400E0C08) - Data: 01 00 00 00  returns 0x00 (0001ms, 0777ms total)
T0CE0 877:634 JLINK_IsHalted()  returns TRUE (0000ms, 0777ms total)
T0AF8 877:635 JLINK_ResetPullsRESET(ON) (0000ms, 0777ms total)
T0AF8 877:635 JLINK_ResetNoHalt() >0x2F8 JTAG>TotalIRLen = 4, IRPrint = 0x01 >0x30 JTAG> >0x410 JTAG> >0x70 JTAG> >0x48 JTAG> >0x40 JTAG> >0x48 JTAG>AP-IDR: 0x24770011, Type: AHB-AP >0x78 JTAG> >0x40 JTAG> >0x30 JTAG> >0x40 JTAG> >0x40 JTAG> >0x30 JTAG> >0x40 JTAG> >0x48 JTAG>Found Cortex-M3 r2p0, Little endian. -- CPU_ReadMem(4 bytes @ 0xE000EDF0) -- CPU_ReadMem(4 bytes @ 0xE0002000)FPUnit: 6 code (BP) slots and 2 literal slots -- CPU_ReadMem(4 bytes @ 0xE000EDFC) -- CPU_ReadMem(4 bytes @ 0xE0001000)
 -- CPU_ReadMem(4 bytes @ 0xE000ED88) -- CPU_WriteMem(4 bytes @ 0xE000ED88) -- CPU_ReadMem(4 bytes @ 0xE000ED88) -- CPU_WriteMem(4 bytes @ 0xE000ED88)CoreSight components:ROMTbl 0 @ E00FF000 -- CPU_ReadMem(16 bytes @ 0xE00FF000) -- CPU_ReadMem(16 bytes @ 0xE000EFF0) -- CPU_ReadMem(16 bytes @ 0xE000EFE0)ROMTbl 0 [0]: FFF0F000, CID: B105E00D, PID: 002BB000 SCS -- CPU_WriteMem(4 bytes @ 0xE0001000) -- CPU_ReadMem(16 bytes @ 0xE0001FF0) -- CPU_ReadMem(16 bytes @ 0xE0001FE0)
ROMTbl 0 [1]: FFF02000, CID: B105E00D, PID: 002BB002 DWT -- CPU_ReadMem(16 bytes @ 0xE0002FF0) -- CPU_ReadMem(16 bytes @ 0xE0002FE0)ROMTbl 0 [2]: FFF03000, CID: B105E00D, PID: 002BB003 FPB -- CPU_ReadMem(16 bytes @ 0xE0000FF0) -- CPU_ReadMem(16 bytes @ 0xE0000FE0)ROMTbl 0 [3]: FFF01000, CID: B105E00D, PID: 002BB001 ITM -- CPU_ReadMem(16 bytes @ 0xE00FF010) -- CPU_ReadMem(16 bytes @ 0xE0040FF0) -- CPU_ReadMem(16 bytes @ 0xE0040FE0)ROMTbl 0 [4]: FFF41000, CID: B105900D, PID: 002BB923 TPIU-Lite
                JLINK_Reset() -- CPU_ReadMem(16 bytes @ 0x20000000) -- CPU_WriteMem(16 bytes @ 0x20000000) -- CPU_ReadMem(4 bytes @ 0xE000EDFC) -- CPU_WriteMem(4 bytes @ 0xE000EDFC) -- CPU_ReadMem(4 bytes @ 0xE0001000) -- CPU_WriteMem(4 bytes @ 0xE0001004) -- CPU_WriteMem(4 bytes @ 0xE000ED0C) -- CPU_ReadMem(4 bytes @ 0xE000EDF0) -- CPU_ReadMem(4 bytes @ 0xE000EDF0) -- CPU_WriteMem(4 bytes @ 0xE000EDFC) -- CPU_WriteMem(16 bytes @ 0x20000000) -- CPU_WriteMem(4 bytes @ 0xE0002000)
 -- CPU_ReadMem(4 bytes @ 0xE000EDFC) -- CPU_ReadMem(4 bytes @ 0xE0001000) (0028ms, 0028ms total)
                JLINK_Go() -- CPU_ReadMem(4 bytes @ 0xE0001000) -- CPU_WriteMem(4 bytes @ 0xE0001004) (0002ms, 0030ms total)
               (0055ms, 0832ms total)
T0AF8 877:710 JLINK_ExecCommand("ProjectFile = D:\code folder\4july2017\Renalyx_DM1\CPU2\jlink.config", ...).   returns 0x00 (0000ms, 0832ms total)
T2348 878:241 JLINK_EMU_GetList(InterfaceMask = 0x00000001, MaxInfos = 0x00000032) [0]: USB, S/N: 28014956  returns 0x01 (0000ms, 0832ms total)
T0AF8 878:679 JLINK_ExecCommand("Device = AT91SAM3X8E", ...). Device "ATSAM3X8E" selected.  returns 0x00 (0002ms, 0834ms total)
T0AF8 878:681 JLINK_TIF_Select(JLINKARM_TIF_JTAG)  returns 0x00 (0000ms, 0834ms total)
T0AF8 878:681 JLINK_GetIdData(...) ScanLen=4 NumDevices=1 aId[0]=0x4BA00477 aIrRead[0]=0 aScanLen[0]=0 aScanRead[0]=0 (0000ms, 0834ms total)
T0AF8 878:681 JLINK_ConfigJTAG(IRPre = 0, DRPre = 0) (0000ms, 0834ms total)
T0AF8 878:681 JLINK_SetSpeed(4000) (0000ms, 0834ms total)
T0AF8 878:681 JLINK_ResetPullsRESET(OFF) (0000ms, 0834ms total)
T0AF8 878:681 JLINK_Connect() >0x2F8 JTAG>TotalIRLen = 4, IRPrint = 0x01 >0x30 JTAG> >0x410 JTAG> >0x70 JTAG> >0x48 JTAG> >0x40 JTAG> >0x48 JTAG>AP-IDR: 0x24770011, Type: AHB-AP >0x78 JTAG> >0x40 JTAG> >0x30 JTAG> >0x40 JTAG> >0x40 JTAG> >0x30 JTAG> >0x40 JTAG> >0x48 JTAG>Found Cortex-M3 r2p0, Little endian. -- CPU_ReadMem(4 bytes @ 0xE000EDF0) -- CPU_ReadMem(4 bytes @ 0xE0002000)FPUnit: 6 code (BP) slots and 2 literal slots -- CPU_ReadMem(4 bytes @ 0xE000EDFC) -- CPU_ReadMem(4 bytes @ 0xE0001000)
 -- CPU_WriteMem(4 bytes @ 0xE0001000) -- CPU_ReadMem(4 bytes @ 0xE000ED88) -- CPU_WriteMem(4 bytes @ 0xE000ED88) -- CPU_ReadMem(4 bytes @ 0xE000ED88) -- CPU_WriteMem(4 bytes @ 0xE000ED88)CoreSight components:ROMTbl 0 @ E00FF000 -- CPU_ReadMem(16 bytes @ 0xE00FF000) -- CPU_ReadMem(16 bytes @ 0xE000EFF0) -- CPU_ReadMem(16 bytes @ 0xE000EFE0)ROMTbl 0 [0]: FFF0F000, CID: B105E00D, PID: 002BB000 SCS -- CPU_ReadMem(16 bytes @ 0xE0001FF0) -- CPU_ReadMem(16 bytes @ 0xE0001FE0)
ROMTbl 0 [1]: FFF02000, CID: B105E00D, PID: 002BB002 DWT -- CPU_ReadMem(16 bytes @ 0xE0002FF0) -- CPU_ReadMem(16 bytes @ 0xE0002FE0)ROMTbl 0 [2]: FFF03000, CID: B105E00D, PID: 002BB003 FPB -- CPU_ReadMem(16 bytes @ 0xE0000FF0) -- CPU_ReadMem(16 bytes @ 0xE0000FE0)ROMTbl 0 [3]: FFF01000, CID: B105E00D, PID: 002BB001 ITM -- CPU_ReadMem(16 bytes @ 0xE00FF010) -- CPU_ReadMem(16 bytes @ 0xE0040FF0) -- CPU_ReadMem(16 bytes @ 0xE0040FE0)ROMTbl 0 [4]: FFF41000, CID: B105900D, PID: 002BB923 TPIU-Lite
  returns 0x00 (0022ms, 0856ms total)
T0AF8 878:703 JLINK_Halt()  returns 0x00 (0004ms, 0860ms total)
T0AF8 878:707 JLINK_WriteMem(0x400E0A04, 0x0004 Bytes, ...) - Data: 0B 01 00 5A -- CPU_WriteMem(4 bytes @ 0x400E0A04)  returns 0x04 (0001ms, 0861ms total)
T0AF8 878:708 JLINK_ReadMem (0x400E0A08, 0x0004 Bytes, ...) -- CPU_ReadMem(4 bytes @ 0x400E0A08) - Data: 01 00 00 00  returns 0x00 (0001ms, 0862ms total)
T0AF8 878:709 JLINK_WriteMem(0x400E0A04, 0x0004 Bytes, ...) - Data: 0C 02 00 5A -- CPU_WriteMem(4 bytes @ 0x400E0A04)  returns 0x04 (0000ms, 0862ms total)
T0AF8 878:709 JLINK_ReadMem (0x400E0A08, 0x0004 Bytes, ...) -- CPU_ReadMem(4 bytes @ 0x400E0A08) - Data: 01 00 00 00  returns 0x00 (0001ms, 0863ms total)
T0AF8 878:710 JLINK_Reset() -- CPU_ReadMem(16 bytes @ 0x20000000) -- CPU_WriteMem(16 bytes @ 0x20000000) -- CPU_ReadMem(4 bytes @ 0xE000EDFC) -- CPU_WriteMem(4 bytes @ 0xE000EDFC) -- CPU_ReadMem(4 bytes @ 0xE0001000) -- CPU_WriteMem(4 bytes @ 0xE000ED0C) -- CPU_ReadMem(4 bytes @ 0xE000EDF0) -- CPU_ReadMem(4 bytes @ 0xE000EDF0) -- CPU_WriteMem(4 bytes @ 0xE000EDFC) -- CPU_WriteMem(16 bytes @ 0x20000000) -- CPU_WriteMem(4 bytes @ 0xE0002000) -- CPU_ReadMem(4 bytes @ 0xE000EDFC)
 -- CPU_ReadMem(4 bytes @ 0xE0001000) (0027ms, 0890ms total)
T0AF8 878:739 JLINK_JTAG_GetDeviceID(DeviceIndex = 0)  returns 0x4BA00477 (0000ms, 0890ms total)
T0AF8 878:739 JLINK_ReadMemU32(0x400E0940, 0x0001 Items, ...) -- CPU_ReadMem(4 bytes @ 0x400E0940) - Data: 60 0A 5E 28  returns 0x01 (0001ms, 0891ms total)
T0AF8 878:740 JLINK_ReadMemU32(0x400E0944, 0x0001 Items, ...) -- CPU_ReadMem(4 bytes @ 0x400E0944) - Data: 00 00 00 00  returns 0x01 (0001ms, 0892ms total)
T1C10 878:748 JLINK_IsHalted()  returns TRUE (0000ms, 0892ms total)
T1C10 878:748 JLINK_GetMOEs(...) -- CPU_ReadMem(4 bytes @ 0xE000ED30)  returns 0x01 (0001ms, 0893ms total)
T1C10 878:749 JLINK_ReadReg(R15 (PC))  returns 0xFFFFFFFE (0000ms, 0893ms total)
T0AF8 878:812 JLINK_BeginDownload(Flags = 0x00) (0000ms, 0893ms total)
T0AF8 878:812 JLINK_WriteMem(0x00080000, 0x76EC Bytes, ...) - Data: E8 2E 07 20 4D 3F 08 00 45 3F 08 00 45 3F 08 00 ...  returns 0x76EC (0000ms, 0893ms total)
T0AF8 878:812 JLINK_WriteMem(0x000876EC, 0x0008 Bytes, ...) - Data: D8 FB FF 7F 01 00 00 00  returns 0x08 (0000ms, 0893ms total)
T0AF8 878:813 JLINK_WriteMem(0x000876F4, 0x0914 Bytes, ...) - Data: 01 00 00 00 44 00 00 00 AA 03 00 00 32 00 BC 02 ...  returns 0x914 (0000ms, 0893ms total)
T0AF8 878:822 JLINK_EndDownload()Old firmware which does not support pausing periodic actions during flash download -- -------------------------------------- -- Start of determining dirty areas in flash cache -- End of determining dirty areas -- Start of preparing flash programming -- Calculating RAM usage -- RAM usage = 3892 Bytes -- Preserving CPU registers -- Preparing memory -- Determining CPU clock frequency -- Preparing target -- Downloading RAMCode -- Checking target RAM -- Preparing RAMCode
 -- End of preparing flash programming -- CPU speed could not be measured. -- Start of comparing flash -- CRC check was estimated as fastest method -- Comparing range 0x80000 - 0x87FFF (128 Sectors, 32 KB), using multi-block CRC calculation -- CRC does not match for sectors 0-127 -- Comparing range 0x88000 - 0x880FF (1 Sector, 256 Bytes), using multi-block CRC calculation -- CRC does not match for sector 0 -- End of comparing flash -- Start of erasing sectors -- End of erasing sectors
 -- Start of flash programming -- Programming range 0x00080000 - 0x00087FFF (128 Sectors, 32 KB) -- Programming range 0x00088000 - 0x000880FF (001 Sector, 256 Bytes) -- End of flash programming -- 0x80000 - 0x880FF (129 Sectors, 32 KB) -- Start of verifying flash -- Checksum calculation was estimated as fastest method -- Checksum is not supported by this flash bank. Switched to CRC method. -- End of verifying flash -- Start of restoring -- Restoring RAMCode -- Restore target -- Restore memory
 -- Restoring CPU registers -- End of restoring -- Flash programming performed for 1 range (33024 bytes) -- Total time needed: 0.524s (Prepare: 0.070s, Compare: 0.047s, Erase: 0.000s, Program: 0.382s, Verify: 0.018s, Restore: 0.004s)  returns 0x8100 (0527ms, 1420ms total)
T1C10 879:349 JLINK_IsHalted()  returns TRUE (0001ms, 1421ms total)
T2348 879:545 JLINK_EMU_GetList(InterfaceMask = 0x00000001, MaxInfos = 0x00000032) [0]: USB, S/N: 28014956  returns 0x01 (0001ms, 1422ms total)
T1C10 879:551 JLINK_IsHalted()  returns TRUE (0000ms, 1422ms total)
T1C10 879:751 JLINK_IsHalted()  returns TRUE (0000ms, 1422ms total)
T21D8 879:889 JLINK_Halt()  returns 0x00 (0000ms, 1422ms total)
T21D8 879:925 JLINK_ReadReg(R15 (PC))  returns 0xFFFFFFFE (0000ms, 1422ms total)
T21D8 879:925 JLINK_ReadReg(R13 (SP))  returns 0xFFFFFFFC (0000ms, 1422ms total)
T1C10 879:951 JLINK_IsHalted()  returns TRUE (0000ms, 1422ms total)
T1C10 880:152 JLINK_IsHalted()  returns TRUE (0000ms, 1422ms total)
T21D8 880:218 JLINK_ReadReg(R0)  returns 0x400E1A00 (0000ms, 1422ms total)
T21D8 880:218 JLINK_ReadReg(R1)  returns 0x00000000 (0000ms, 1422ms total)
T21D8 880:218 JLINK_ReadReg(R2)  returns 0xA5000004 (0000ms, 1422ms total)
T21D8 880:218 JLINK_ReadReg(R3)  returns 0x00000001 (0000ms, 1422ms total)
T21D8 880:218 JLINK_ReadReg(R4)  returns 0x00081C25 (0000ms, 1422ms total)
T21D8 880:218 JLINK_ReadReg(R5)  returns 0xC3AB1717 (0000ms, 1422ms total)
T21D8 880:218 JLINK_ReadReg(R6)  returns 0x1214720B (0000ms, 1422ms total)
T21D8 880:218 JLINK_ReadReg(R7)  returns 0x20072E24 (0000ms, 1422ms total)
T21D8 880:218 JLINK_ReadReg(R8)  returns 0x5D020018 (0000ms, 1422ms total)
T21D8 880:218 JLINK_ReadReg(R9)  returns 0xB1074005 (0000ms, 1422ms total)
T21D8 880:218 JLINK_ReadReg(R10)  returns 0x061E5277 (0000ms, 1422ms total)
T21D8 880:218 JLINK_ReadReg(R11)  returns 0x4EA62AE2 (0000ms, 1422ms total)
T21D8 880:218 JLINK_ReadReg(R12)  returns 0x00000000 (0000ms, 1422ms total)
T21D8 880:218 JLINK_ReadReg(R13 (SP))  returns 0xFFFFFFFC (0000ms, 1422ms total)
T21D8 880:218 JLINK_ReadReg(R14)  returns 0xFFFFFFFF (0000ms, 1422ms total)
T21D8 880:218 JLINK_ReadReg(R15 (PC))  returns 0xFFFFFFFE (0000ms, 1422ms total)
T21D8 880:218 JLINK_ReadReg(XPSR)  returns 0x01000000 (0000ms, 1422ms total)
T21D8 880:218 JLINK_ReadReg(MSP)  returns 0xFFFFFFFC (0000ms, 1422ms total)
T21D8 880:218 JLINK_ReadReg(PSP)  returns 0x9040F340 (0000ms, 1422ms total)
T21D8 880:218 JLINK_ReadReg(PRIMASK)  returns 0x00000000 (0000ms, 1422ms total)
T21D8 880:218 JLINK_ReadReg(BASEPRI)  returns 0x00000000 (0000ms, 1422ms total)
T21D8 880:218 JLINK_ReadReg(FAULTMASK)  returns 0x00000000 (0000ms, 1422ms total)
T21D8 880:218 JLINK_ReadReg(CONTROL)  returns 0x00000000 (0000ms, 1422ms total)
T21D8 880:271 JLINK_ReadMemHW(0x0008296A, 0x0002 Bytes, ...) -- CPU_ReadMem(2 bytes @ 0x0008296A) - Data: A6 4B  returns 0x00 (0000ms, 1422ms total)
T21D8 880:272 JLINK_ReadMemHW(0x00082C04, 0x0004 Bytes, ...) -- CPU_ReadMem(4 bytes @ 0x00082C04) - Data: D1 35 08 00  returns 0x00 (0001ms, 1424ms total)
T21D8 880:287 JLINK_ReadMemHW(0x00082B02, 0x0002 Bytes, ...) -- CPU_ReadMem(2 bytes @ 0x00082B02) - Data: 0B 21  returns 0x00 (0000ms, 1424ms total)
T0AF8 880:305 JLINK_GetNumBPUnits(Type = 0xFFFFFF02)  returns 0x06 (0000ms, 1424ms total)
T0AF8 880:305 JLINK_SetBPEx(Addr = 0x00082B02, Type = 0xFFFFFFF2)  returns 0x00000001 (0000ms, 1424ms total)
T0AF8 880:305 JLINK_GetBPInfo(BPHandle = 1)  returns 0x00 (0000ms, 1424ms total)
T1C10 880:353 JLINK_IsHalted()  returns TRUE (0000ms, 1424ms total)
T21D8 880:476 JLINK_Reset() -- CPU_ReadMem(16 bytes @ 0x20000000) -- CPU_WriteMem(16 bytes @ 0x20000000) -- CPU_ReadMem(4 bytes @ 0xE000EDFC) -- CPU_WriteMem(4 bytes @ 0xE000EDFC) -- CPU_ReadMem(4 bytes @ 0xE0001000) -- CPU_WriteMem(4 bytes @ 0xE000ED0C) -- CPU_ReadMem(4 bytes @ 0xE000EDF0) -- CPU_ReadMem(4 bytes @ 0xE000EDF0) -- CPU_WriteMem(4 bytes @ 0xE000EDFC) -- CPU_WriteMem(16 bytes @ 0x20000000) -- CPU_WriteMem(4 bytes @ 0xE0002000) -- CPU_ReadMem(4 bytes @ 0xE000EDFC)
 -- CPU_ReadMem(4 bytes @ 0xE0001000) (0029ms, 1453ms total)
T1C10 880:505 JLINK_IsHalted()  returns TRUE (0001ms, 1454ms total)
T1C10 880:506 JLINK_GetMOEs(...) -- CPU_ReadMem(4 bytes @ 0xE000ED30)  returns 0x01 (0000ms, 1454ms total)
T1C10 880:506 JLINK_ReadReg(R15 (PC))  returns 0x00083F4C (0000ms, 1454ms total)
T21D8 880:515 JLINK_ReadReg(R15 (PC))  returns 0x00083F4C (0000ms, 1454ms total)
T21D8 880:515 JLINK_ReadReg(R13 (SP))  returns 0x20072EE8 (0000ms, 1454ms total)
T21D8 880:530 JLINK_ReadMemHW(0x00083F4C, 0x0004 Bytes, ...) -- CPU_ReadMem(4 bytes @ 0x00083F4C) - Data: 80 B5 82 B0  returns 0x00 (0001ms, 1455ms total)
T21D8 880:621 JLINK_ReadMemHW(0x00082964, 0x0001 Bytes, ...) -- CPU_ReadMem(1 bytes @ 0x00082964) - Data: 90  returns 0x00 (0001ms, 1456ms total)
T1C10 880:706 JLINK_IsHalted()  returns TRUE (0000ms, 1456ms total)
T2348 880:850 JLINK_EMU_GetList(InterfaceMask = 0x00000001, MaxInfos = 0x00000032) [0]: USB, S/N: 28014956  returns 0x01 (0000ms, 1456ms total)
T1C10 880:907 JLINK_IsHalted()  returns TRUE (0000ms, 1456ms total)
T21D8 880:984 JLINK_ReadReg(R15 (PC))  returns 0x00083F4C (0000ms, 1456ms total)
T21D8 881:003 JLINK_SetBPEx(Addr = 0x00082964, Type = 0xFFFFFFF2)  returns 0x00000002 (0000ms, 1456ms total)
T21D8 881:003 JLINK_GetBPInfo(BPHandle = 2)  returns 0x00 (0000ms, 1456ms total)
T21D8 881:003 JLINK_Go() -- CPU_ReadMem(4 bytes @ 0xE0001000) -- CPU_WriteMem(4 bytes @ 0xE000ED30) -- CPU_WriteMem(4 bytes @ 0xE0002008) -- CPU_WriteMem(4 bytes @ 0xE000200C) -- CPU_WriteMem(4 bytes @ 0xE0002010) -- CPU_WriteMem(4 bytes @ 0xE0002014) -- CPU_WriteMem(4 bytes @ 0xE0002018) -- CPU_WriteMem(4 bytes @ 0xE000201C) -- CPU_WriteMem(4 bytes @ 0xE0001004) (0006ms, 1462ms total)
T1C10 881:009 JLINK_IsHalted()  returns FALSE (0001ms, 1463ms total)
T1C10 881:031 JLINK_IsHalted()  returns TRUE (0004ms, 1466ms total)
T1C10 881:035 JLINK_GetMOEs(...) -- CPU_ReadMem(4 bytes @ 0xE000ED30)  returns 0x01 (0001ms, 1463ms total)
T1C10 881:036 JLINK_ReadReg(R15 (PC))  returns 0x00082964 (0000ms, 1463ms total)
T1C10 881:036 JLINK_WriteU32(0xE000EDFC, 0x01000000) -- CPU_WriteMem(4 bytes @ 0xE000EDFC)  returns 0x00 (0001ms, 1464ms total)
T1C10 881:037 JLINK_ReadMem (0xE0001000, 0x0004 Bytes, ...) -- CPU_ReadMem(4 bytes @ 0xE0001000) - Data: 01 00 00 40  returns 0x00 (0000ms, 1464ms total)
T1C10 881:037 JLINK_WriteU32(0xE0001000, 0x40000001)  returns 0x00 (0000ms, 1464ms total)
T1C10 881:037 JLINK_WriteU32(0xE0001028, 0x00000100)  returns 0x00 (0000ms, 1464ms total)
T1C10 881:037 JLINK_ReadMem (0xE0001028, 0x0004 Bytes, ...) -- CPU_WriteMem(4 bytes @ 0xE0001028) -- CPU_ReadMem(4 bytes @ 0xE0001028) - Data: 00 00 00 00  returns 0x00 (0002ms, 1466ms total)
T1C10 881:039 JLINK_WriteU32(0xE0001024, 0x0000001F)  returns 0x00 (0000ms, 1466ms total)
T1C10 881:039 JLINK_ReadMem (0xE0001024, 0x0004 Bytes, ...) -- CPU_WriteMem(4 bytes @ 0xE0001024) -- CPU_ReadMem(4 bytes @ 0xE0001024) - Data: 0F 00 00 00  returns 0x00 (0001ms, 1467ms total)
T1C10 881:052 JLINK_WriteU32(0xE0001038, 0x00000100)  returns 0x00 (0000ms, 1467ms total)
T1C10 881:052 JLINK_ReadMem (0xE0001038, 0x0004 Bytes, ...) -- CPU_WriteMem(4 bytes @ 0xE0001038) -- CPU_ReadMem(4 bytes @ 0xE0001038) - Data: 00 03 00 00  returns 0x00 (0002ms, 1469ms total)
T1C10 881:054 JLINK_WriteU32(0xE0001034, 0x0000001F)  returns 0x00 (0000ms, 1469ms total)
T1C10 881:054 JLINK_ReadMem (0xE0001034, 0x0004 Bytes, ...) -- CPU_WriteMem(4 bytes @ 0xE0001034) -- CPU_ReadMem(4 bytes @ 0xE0001034) - Data: 0F 00 00 00  returns 0x00 (0001ms, 1470ms total)
T1C10 881:056 JLINK_WriteU32(0xE0001048, 0x00000100)  returns 0x00 (0000ms, 1470ms total)
T1C10 881:056 JLINK_ReadMem (0xE0001048, 0x0004 Bytes, ...) -- CPU_WriteMem(4 bytes @ 0xE0001048) -- CPU_ReadMem(4 bytes @ 0xE0001048) - Data: 00 00 00 00  returns 0x00 (0001ms, 1471ms total)
T1C10 881:057 JLINK_WriteU32(0xE0001044, 0x0000001F)  returns 0x00 (0000ms, 1471ms total)
T1C10 881:057 JLINK_ReadMem (0xE0001044, 0x0004 Bytes, ...) -- CPU_WriteMem(4 bytes @ 0xE0001044) -- CPU_ReadMem(4 bytes @ 0xE0001044) - Data: 0F 00 00 00  returns 0x00 (0001ms, 1472ms total)
T1C10 881:058 JLINK_WriteU32(0xE0001058, 0x00000100)  returns 0x00 (0000ms, 1472ms total)
T1C10 881:058 JLINK_ReadMem (0xE0001058, 0x0004 Bytes, ...) -- CPU_WriteMem(4 bytes @ 0xE0001058) -- CPU_ReadMem(4 bytes @ 0xE0001058) - Data: 00 00 00 00  returns 0x00 (0002ms, 1474ms total)
T1C10 881:060 JLINK_WriteU32(0xE0001054, 0x0000001F)  returns 0x00 (0000ms, 1474ms total)
T1C10 881:060 JLINK_ReadMem (0xE0001054, 0x0004 Bytes, ...) -- CPU_WriteMem(4 bytes @ 0xE0001054) -- CPU_ReadMem(4 bytes @ 0xE0001054) - Data: 0F 00 00 00  returns 0x00 (0001ms, 1475ms total)
T1C10 881:061 JLINK_WriteU32(0xE0001020, 0x00000000)  returns 0x00 (0000ms, 1475ms total)
T1C10 881:061 JLINK_WriteU32(0xE0001024, 0x00000000)  returns 0x00 (0000ms, 1475ms total)
T1C10 881:061 JLINK_WriteU32(0xE0001028, 0x00000000)  returns 0x00 (0000ms, 1475ms total)
T1C10 881:061 JLINK_WriteU32(0xE0001030, 0x00000000)  returns 0x00 (0000ms, 1475ms total)
T1C10 881:061 JLINK_WriteU32(0xE0001034, 0x00000000)  returns 0x00 (0000ms, 1475ms total)
T1C10 881:061 JLINK_WriteU32(0xE0001038, 0x00000000)  returns 0x00 (0000ms, 1475ms total)
T1C10 881:061 JLINK_WriteU32(0xE0001040, 0x00000000)  returns 0x00 (0000ms, 1475ms total)
T1C10 881:061 JLINK_WriteU32(0xE0001044, 0x00000000)  returns 0x00 (0000ms, 1475ms total)
T1C10 881:061 JLINK_WriteU32(0xE0001048, 0x00000000)  returns 0x00 (0000ms, 1475ms total)
T1C10 881:061 JLINK_WriteU32(0xE0001050, 0x00000000)  returns 0x00 (0000ms, 1475ms total)
T1C10 881:061 JLINK_WriteU32(0xE0001054, 0x00000000)  returns 0x00 (0000ms, 1475ms total)
T1C10 881:061 JLINK_WriteU32(0xE0001058, 0x00000000)  returns 0x00 (0000ms, 1475ms total)
T1C10 881:061 JLINK_GetBPInfo(BPHandle = 2)  returns 0x00 (0000ms, 1475ms total)
T1C10 881:061 JLINK_ClrBPEx(BPHandle = 0x00000002)  returns 0x00 (0000ms, 1475ms total)
T21D8 881:071 JLINK_ReadReg(R15 (PC))  returns 0x00082964 (0000ms, 1475ms total)
T21D8 881:071 JLINK_ReadReg(R13 (SP))  returns 0x20072ED8 (0000ms, 1475ms total)
T21D8 881:071 JLINK_ReadMemHW(0x00082964, 0x0004 Bytes, ...) -- CPU_ReadMem(4 bytes @ 0x00082964) - Data: 90 B5 87 B0  returns 0x00 (0001ms, 1476ms total)
T1C10 881:262 JLINK_IsHalted()  returns TRUE (0000ms, 1476ms total)
T1C10 881:463 JLINK_IsHalted()  returns TRUE (0000ms, 1476ms total)
T0AF8 881:613 JLINK_ReadMem (0x40000000, 0x0A20 Bytes, ...) -- CPU_ReadMem(2592 bytes @ 0x40000000) - Data: 00 00 00 00 00 00 00 00 00 00 00 00 00 00 00 00 ...  returns 0x00 (0016ms, 1492ms total)
T0AF8 881:635 JLINK_ReadMem (0x40000000, 0x0A20 Bytes, ...) -- CPU_ReadMem(2592 bytes @ 0x40000000) - Data: 00 00 00 00 00 00 00 00 00 00 00 00 00 00 00 00 ...  returns 0x00 (0017ms, 1509ms total)
T1C10 881:664 JLINK_IsHalted()  returns TRUE (0000ms, 1509ms total)
T0AF8 881:750 JLINK_ReadMem (0x40000A20, 0x01E8 Bytes, ...) -- CPU_ReadMem(488 bytes @ 0x40000A20) - Data: 00 00 00 00 00 00 00 00 00 00 00 00 00 00 00 00 ...  returns 0x00 (0004ms, 1513ms total)
T1C10 881:864 JLINK_IsHalted()  returns TRUE (0000ms, 1513ms total)
T1C10 882:065 JLINK_IsHalted()  returns TRUE (0000ms, 1513ms total)
T2348 882:155 JLINK_EMU_GetList(InterfaceMask = 0x00000001, MaxInfos = 0x00000032) [0]: USB, S/N: 28014956  returns 0x01 (0001ms, 1514ms total)
T1C10 882:266 JLINK_IsHalted()  returns TRUE (0000ms, 1514ms total)
T1C10 882:466 JLINK_IsHalted()  returns TRUE (0000ms, 1514ms total)
T1C10 882:667 JLINK_IsHalted()  returns TRUE (0000ms, 1514ms total)
T1C10 882:868 JLINK_IsHalted()  returns TRUE (0001ms, 1515ms total)
T1C10 883:069 JLINK_IsHalted()  returns TRUE (0000ms, 1514ms total)
T1C10 883:270 JLINK_IsHalted()  returns TRUE (0000ms, 1514ms total)
T2348 883:462 JLINK_EMU_GetList(InterfaceMask = 0x00000001, MaxInfos = 0x00000032) [0]: USB, S/N: 28014956  returns 0x01 (0001ms, 1515ms total)
T1C10 883:471 JLINK_IsHalted()  returns TRUE (0001ms, 1516ms total)
T1C10 883:672 JLINK_IsHalted()  returns TRUE (0000ms, 1515ms total)
T1C10 883:872 JLINK_IsHalted()  returns TRUE (0000ms, 1515ms total)
T1C10 884:072 JLINK_IsHalted()  returns TRUE (0001ms, 1516ms total)
T1C10 884:274 JLINK_IsHalted()  returns TRUE (0000ms, 1515ms total)
T1C10 884:475 JLINK_IsHalted()  returns TRUE (0000ms, 1515ms total)
T1C10 884:675 JLINK_IsHalted()  returns TRUE (0000ms, 1515ms total)
T2348 884:770 JLINK_EMU_GetList(InterfaceMask = 0x00000001, MaxInfos = 0x00000032) [0]: USB, S/N: 28014956  returns 0x01 (0001ms, 1516ms total)
T1C10 884:875 JLINK_IsHalted()  returns TRUE (0000ms, 1516ms total)
T1C10 885:076 JLINK_IsHalted()  returns TRUE (0000ms, 1516ms total)
T1C10 885:277 JLINK_IsHalted()  returns TRUE (0000ms, 1516ms total)
T1C10 885:478 JLINK_IsHalted()  returns TRUE (0000ms, 1516ms total)
T1C10 885:680 JLINK_IsHalted()  returns TRUE (0000ms, 1516ms total)
T1C10 885:882 JLINK_IsHalted()  returns TRUE (0001ms, 1517ms total)
T2348 886:078 JLINK_EMU_GetList(InterfaceMask = 0x00000001, MaxInfos = 0x00000032) [0]: USB, S/N: 28014956  returns 0x01 (0000ms, 1516ms total)
T1C10 886:083 JLINK_IsHalted()  returns TRUE (0000ms, 1516ms total)
T1C10 886:283 JLINK_IsHalted()  returns TRUE (0000ms, 1516ms total)
T1C10 886:484 JLINK_IsHalted()  returns TRUE (0000ms, 1516ms total)
T1C10 886:684 JLINK_IsHalted()  returns TRUE (0000ms, 1516ms total)
T1C10 886:884 JLINK_IsHalted()  returns TRUE (0000ms, 1516ms total)
T1C10 887:085 JLINK_IsHalted()  returns TRUE (0000ms, 1516ms total)
T1C10 887:285 JLINK_IsHalted()  returns TRUE (0000ms, 1516ms total)
T2348 887:384 JLINK_EMU_GetList(InterfaceMask = 0x00000001, MaxInfos = 0x00000032) [0]: USB, S/N: 28014956  returns 0x01 (0000ms, 1516ms total)
T1C10 887:486 JLINK_IsHalted()  returns TRUE (0000ms, 1516ms total)
T1C10 887:686 JLINK_IsHalted()  returns TRUE (0000ms, 1516ms total)
T1C10 887:887 JLINK_IsHalted()  returns TRUE (0000ms, 1516ms total)
T1C10 888:088 JLINK_IsHalted()  returns TRUE (0006ms, 1522ms total)
T1C10 888:294 JLINK_IsHalted()  returns TRUE (0000ms, 1516ms total)
T1C10 888:495 JLINK_IsHalted()  returns TRUE (0000ms, 1516ms total)
T2348 888:688 JLINK_EMU_GetList(InterfaceMask = 0x00000001, MaxInfos = 0x00000032) [0]: USB, S/N: 28014956  returns 0x01 (0001ms, 1517ms total)
T1C10 888:696 JLINK_IsHalted()  returns TRUE (0000ms, 1517ms total)
T21D8 888:724 JLINK_ReadReg(R15 (PC))  returns 0x00082964 (0000ms, 1517ms total)
T21D8 888:724 JLINK_Go() -- CPU_WriteMem(4 bytes @ 0xE0001000) -- CPU_ReadMem(4 bytes @ 0xE0001000) -- CPU_WriteMem(4 bytes @ 0xE000ED30) -- CPU_WriteMem(4 bytes @ 0xE0001020) -- CPU_WriteMem(4 bytes @ 0xE0001030) -- CPU_WriteMem(4 bytes @ 0xE0001040) -- CPU_WriteMem(4 bytes @ 0xE0001050) -- CPU_WriteMem(4 bytes @ 0xE0001024) -- CPU_WriteMem(4 bytes @ 0xE0001034) -- CPU_WriteMem(4 bytes @ 0xE0001044) -- CPU_WriteMem(4 bytes @ 0xE0001054) -- CPU_WriteMem(4 bytes @ 0xE0001028)
 -- CPU_WriteMem(4 bytes @ 0xE0001038) -- CPU_WriteMem(4 bytes @ 0xE0001048) -- CPU_WriteMem(4 bytes @ 0xE0001058) -- CPU_WriteMem(4 bytes @ 0xE000200C) (0007ms, 1524ms total)
T1C10 888:731 JLINK_IsHalted()  returns FALSE (0001ms, 1525ms total)
T1C10 888:772 JLINK_IsHalted()  returns FALSE (0000ms, 1524ms total)
T1C10 888:933 JLINK_IsHalted()  returns FALSE (0000ms, 1524ms total)
T1C10 889:134 JLINK_IsHalted()  returns FALSE (0000ms, 1524ms total)
T1C10 889:335 JLINK_IsHalted()  returns FALSE (0000ms, 1524ms total)
T1C10 889:535 JLINK_IsHalted()  returns FALSE (0000ms, 1524ms total)
T1C10 889:737 JLINK_IsHalted()  returns FALSE (0000ms, 1524ms total)
T1C10 889:937 JLINK_IsHalted()  returns FALSE (0001ms, 1525ms total)
T2348 889:996 JLINK_EMU_GetList(InterfaceMask = 0x00000001, MaxInfos = 0x00000032) [0]: USB, S/N: 28014956  returns 0x01 (0000ms, 1525ms total)
T1C10 890:139 JLINK_IsHalted()  returns FALSE (0000ms, 1525ms total)
T1C10 890:339 JLINK_IsHalted()  returns FALSE (0001ms, 1526ms total)
T1C10 890:540 JLINK_IsHalted()  returns FALSE (0001ms, 1526ms total)
T1C10 890:742 JLINK_IsHalted()  returns FALSE (0000ms, 1525ms total)
T1C10 890:943 JLINK_IsHalted()  returns FALSE (0001ms, 1526ms total)
T1C10 891:144 JLINK_IsHalted()  returns FALSE (0000ms, 1525ms total)
T2348 891:304 JLINK_EMU_GetList(InterfaceMask = 0x00000001, MaxInfos = 0x00000032) [0]: USB, S/N: 28014956  returns 0x01 (0000ms, 1525ms total)
T1C10 891:344 JLINK_IsHalted()  returns FALSE (0001ms, 1526ms total)
T1C10 891:545 JLINK_IsHalted()  returns FALSE (0001ms, 1526ms total)
T1C10 891:747 JLINK_IsHalted()  returns FALSE (0001ms, 1526ms total)
T1C10 891:948 JLINK_IsHalted()  returns FALSE (0001ms, 1526ms total)
T1C10 892:149 JLINK_IsHalted()  returns FALSE (0001ms, 1526ms total)
T1C10 892:350 JLINK_IsHalted()  returns FALSE (0000ms, 1525ms total)
T1C10 892:551 JLINK_IsHalted()  returns FALSE (0001ms, 1526ms total)
T2348 892:612 JLINK_EMU_GetList(InterfaceMask = 0x00000001, MaxInfos = 0x00000032) [0]: USB, S/N: 28014956  returns 0x01 (0000ms, 1525ms total)
T1C10 892:752 JLINK_IsHalted()  returns FALSE (0001ms, 1526ms total)
T1C10 892:953 JLINK_IsHalted()  returns FALSE (0001ms, 1526ms total)
T1C10 893:154 JLINK_IsHalted()  returns FALSE (0001ms, 1526ms total)
T1C10 893:355 JLINK_IsHalted()  returns FALSE (0001ms, 1526ms total)
T1C10 893:556 JLINK_IsHalted()  returns FALSE (0000ms, 1525ms total)
T1C10 893:756 JLINK_IsHalted()  returns FALSE (0001ms, 1526ms total)
T2348 893:917 JLINK_EMU_GetList(InterfaceMask = 0x00000001, MaxInfos = 0x00000032) [0]: USB, S/N: 28014956  returns 0x01 (0000ms, 1525ms total)
T1C10 893:957 JLINK_IsHalted()  returns FALSE (0000ms, 1525ms total)
T1C10 894:157 JLINK_IsHalted()  returns FALSE (0001ms, 1526ms total)
T1C10 894:359 JLINK_IsHalted()  returns FALSE (0000ms, 1525ms total)
T1C10 894:560 JLINK_IsHalted()  returns FALSE (0000ms, 1525ms total)
T21D8 894:733 JLINK_Halt()  returns 0x00 (0004ms, 1529ms total)
T1C10 894:761 JLINK_IsHalted()  returns TRUE (0000ms, 1529ms total)
T1C10 894:761 JLINK_GetMOEs(...) -- CPU_ReadMem(4 bytes @ 0xE000ED30)  returns 0x01 (0001ms, 1530ms total)
T1C10 894:762 JLINK_ReadReg(R15 (PC))  returns 0x00080FB8 (0000ms, 1530ms total)
T0AF8 894:864 JLINK_GetBPInfo(BPHandle = 1)  returns 0x00 (0000ms, 1530ms total)
T0AF8 894:864 JLINK_ClrBPEx(BPHandle = 0x00000001)  returns 0x00 (0000ms, 1530ms total)
T1C10 894:962 JLINK_IsHalted()  returns TRUE (0000ms, 1530ms total)
T0AF8 894:963 JLINK_ResetPullsRESET(ON) (0000ms, 1530ms total)
T0AF8 894:963 JLINK_ResetNoHalt() >0x2F8 JTAG>TotalIRLen = 4, IRPrint = 0x01 >0x30 JTAG> >0x410 JTAG> >0x70 JTAG> >0x48 JTAG> >0x40 JTAG> >0x48 JTAG>AP-IDR: 0x24770011, Type: AHB-AP >0x78 JTAG> >0x40 JTAG> >0x30 JTAG> >0x40 JTAG> >0x40 JTAG> >0x30 JTAG> >0x40 JTAG> >0x48 JTAG>Found Cortex-M3 r2p0, Little endian. -- CPU_ReadMem(4 bytes @ 0xE000EDF0) -- CPU_ReadMem(4 bytes @ 0xE0002000)FPUnit: 6 code (BP) slots and 2 literal slots -- CPU_ReadMem(4 bytes @ 0xE0001000) -- CPU_ReadMem(4 bytes @ 0xE000ED88)
 -- CPU_WriteMem(4 bytes @ 0xE000ED88) -- CPU_ReadMem(4 bytes @ 0xE000ED88) -- CPU_WriteMem(4 bytes @ 0xE000ED88)CoreSight components:ROMTbl 0 @ E00FF000 -- CPU_ReadMem(16 bytes @ 0xE00FF000) -- CPU_ReadMem(16 bytes @ 0xE000EFF0) -- CPU_ReadMem(16 bytes @ 0xE000EFE0)ROMTbl 0 [0]: FFF0F000, CID: B105E00D, PID: 002BB000 SCS -- CPU_WriteMem(4 bytes @ 0xE0001000) -- CPU_ReadMem(16 bytes @ 0xE0001FF0) -- CPU_ReadMem(16 bytes @ 0xE0001FE0)ROMTbl 0 [1]: FFF02000, CID: B105E00D, PID: 002BB002 DWT
 -- CPU_ReadMem(16 bytes @ 0xE0002FF0) -- CPU_ReadMem(16 bytes @ 0xE0002FE0)ROMTbl 0 [2]: FFF03000, CID: B105E00D, PID: 002BB003 FPB -- CPU_ReadMem(16 bytes @ 0xE0000FF0) -- CPU_ReadMem(16 bytes @ 0xE0000FE0)ROMTbl 0 [3]: FFF01000, CID: B105E00D, PID: 002BB001 ITM -- CPU_ReadMem(16 bytes @ 0xE00FF010) -- CPU_ReadMem(16 bytes @ 0xE0040FF0) -- CPU_ReadMem(16 bytes @ 0xE0040FE0)ROMTbl 0 [4]: FFF41000, CID: B105900D, PID: 002BB923 TPIU-Lite
                JLINK_Reset() -- CPU_ReadMem(16 bytes @ 0x20000000) -- CPU_WriteMem(16 bytes @ 0x20000000) -- CPU_ReadMem(4 bytes @ 0xE000EDFC) -- CPU_WriteMem(4 bytes @ 0xE000EDFC) -- CPU_ReadMem(4 bytes @ 0xE0001000) -- CPU_WriteMem(4 bytes @ 0xE000ED0C) -- CPU_ReadMem(4 bytes @ 0xE000EDF0) -- CPU_ReadMem(4 bytes @ 0xE000EDF0) -- CPU_WriteMem(4 bytes @ 0xE000EDFC) -- CPU_WriteMem(16 bytes @ 0x20000000) -- CPU_WriteMem(4 bytes @ 0xE0002000) -- CPU_ReadMem(4 bytes @ 0xE000EDFC)
 -- CPU_ReadMem(4 bytes @ 0xE0001000) (0027ms, 0027ms total)
                JLINK_Go() -- CPU_ReadMem(4 bytes @ 0xE0001000) -- CPU_WriteMem(4 bytes @ 0xE0002008) -- CPU_WriteMem(4 bytes @ 0xE000200C) -- CPU_WriteMem(4 bytes @ 0xE0002010) -- CPU_WriteMem(4 bytes @ 0xE0002014) -- CPU_WriteMem(4 bytes @ 0xE0002018) -- CPU_WriteMem(4 bytes @ 0xE000201C) -- CPU_WriteMem(4 bytes @ 0xE0001004) (0004ms, 0031ms total)
               (0052ms, 1582ms total)
T0AF8 895:036 JLINK_Close() -- CPU is running -- CPU_WriteMem(4 bytes @ 0xE0002008) -- CPU is running -- CPU_WriteMem(4 bytes @ 0xE000200C) -- CPU is running -- CPU_WriteMem(4 bytes @ 0xE0002010) -- CPU is running -- CPU_WriteMem(4 bytes @ 0xE0002014) -- CPU is running -- CPU_WriteMem(4 bytes @ 0xE0002018) -- CPU is running -- CPU_WriteMem(4 bytes @ 0xE000201C) >0x08 JTAG> (0041ms, 1623ms total)
T0AF8 895:036  (0042ms, 1624ms total)
T0AF8 895:036 Closed (0042ms, 1624ms total)
